\BOOKMARK [1][-]{section.1}{\376\377\000U\000v\000o\000d}{}% 1
\BOOKMARK [1][-]{section.2}{\376\377\000P\000r\000e\000p\000r\000o\000c\000e\000s\000i\000r\000a\000n\000j\000e}{}% 2
\BOOKMARK [2][-]{subsection.2.1}{\376\377\000S\000p\000a\000j\000a\000n\000j\000e\000\040\000i\000\040\000e\000l\000i\000m\000i\000n\000a\000c\000i\000j\000a\000\040\000n\000u\000l\000a\000\040\000k\000o\000l\000o\000n\000a}{section.2}% 3
\BOOKMARK [2][-]{subsection.2.2}{\376\377\000E\000l\000i\000m\000i\000n\000a\000c\000i\000j\000a\000\040\000e\000l\000e\000m\000e\000n\000a\000t\000a\000\040\000v\000a\000n\000\040\000g\000r\000a\000n\000i\000c\000a}{section.2}% 4
\BOOKMARK [1][-]{section.3}{\376\377\000U\000v\000i\000d\000\040\000u\000\040\000p\000o\000d\000a\000t\000k\000e}{}% 5
\BOOKMARK [1][-]{section.4}{\376\377\000K\000l\000a\000s\000i\000f\000i\000k\000a\000c\000i\000j\000a}{}% 6
\BOOKMARK [2][-]{subsection.4.1}{\376\377\000K\000\040\000n\000a\000j\000b\000l\000i\001\176\000i\000h\000\040\000s\000u\000s\000e\000d\000a}{section.4}% 7
\BOOKMARK [2][-]{subsection.4.2}{\376\377\000N\000a\000i\000v\000n\000i\000\040\000B\000a\000j\000e\000s}{section.4}% 8
\BOOKMARK [2][-]{subsection.4.3}{\376\377\000S\000t\000a\000b\000l\000a\000\040\000o\000d\000l\000u\001\015\000i\000v\000a\000n\000j\000a}{section.4}% 9
\BOOKMARK [2][-]{subsection.4.4}{\376\377\000S\000V\000M}{section.4}% 10
\BOOKMARK [3][-]{subsubsection.4.4.1}{\376\377\000R\000b\000f\000\040\000k\000e\000r\000n\000e\000l}{subsection.4.4}% 11
\BOOKMARK [3][-]{subsubsection.4.4.2}{\376\377\000P\000o\000l\000i\000n\000o\000m\000i\000j\000a\000l\000n\000i\000\040\000k\000e\000r\000n\000e\000l}{subsection.4.4}% 12
\BOOKMARK [3][-]{subsubsection.4.4.3}{\376\377\000L\000i\000n\000e\000a\000r\000n\000i\000\040\000k\000e\000r\000n\000e\000l}{subsection.4.4}% 13
\BOOKMARK [2][-]{subsection.4.5}{\376\377\000N\000e\000u\000r\000o\000n\000s\000k\000e\000\040\000m\000r\000e\001\176\000e}{section.4}% 14
\BOOKMARK [2][-]{subsection.4.6}{\376\377\000A\000n\000s\000a\000m\000b\000l\000\040\000m\000e\000t\000o\000d\000e}{section.4}% 15
\BOOKMARK [3][-]{subsubsection.4.6.1}{\376\377\000N\000a\000s\000u\000m\000i\001\015\000n\000e\000\040\001\141\000u\000m\000e}{subsection.4.6}% 16
\BOOKMARK [3][-]{subsubsection.4.6.2}{\376\377\000G\000r\000a\000d\000i\000e\000n\000t\000\040\000b\000o\000o\000s\000t\000i\000n\000g}{subsection.4.6}% 17
\BOOKMARK [3][-]{subsubsection.4.6.3}{\376\377\000B\000a\000g\000g\000i\000n\000g}{subsection.4.6}% 18
\BOOKMARK [3][-]{subsubsection.4.6.4}{\376\377\000B\000o\000o\000s\000t\000i\000n\000g}{subsection.4.6}% 19
\BOOKMARK [3][-]{subsubsection.4.6.5}{\376\377\000K\000l\000a\000s\000i\000f\000i\000k\000a\000t\000o\000r\000i\000\040\000z\000a\000s\000n\000o\000v\000a\000n\000i\000\040\000n\000a\000\040\000g\000l\000a\000s\000a\000n\000j\000u}{subsection.4.6}% 20
\BOOKMARK [1][-]{section.5}{\376\377\000B\000a\000l\000a\000n\000s\000i\000r\000a\000n\000j\000e\000\040\000k\000l\000a\000s\000a}{}% 21
\BOOKMARK [2][-]{subsection.5.1}{\376\377\000N\000a\000i\000v\000a\000n\000\040\000p\000r\000i\000s\000t\000u\000p}{section.5}% 22
\BOOKMARK [3][-]{subsubsection.5.1.1}{\376\377\000K\000\040\000n\000a\000j\000b\000l\000i\001\176\000i\000h\000\040\000s\000u\000s\000e\000d\000a}{subsection.5.1}% 23
\BOOKMARK [3][-]{subsubsection.5.1.2}{\376\377\000S\000t\000a\000b\000l\000a\000\040\000o\000d\000l\000u\001\015\000i\000v\000a\000n\000j\000a}{subsection.5.1}% 24
\BOOKMARK [3][-]{subsubsection.5.1.3}{\376\377\000S\000V\000M}{subsection.5.1}% 25
\BOOKMARK [3][-]{subsubsection.5.1.4}{\376\377\000N\000e\000u\000r\000o\000n\000s\000k\000e\000\040\000m\000r\000e\001\176\000e}{subsection.5.1}% 26
\BOOKMARK [3][-]{subsubsection.5.1.5}{\376\377\000K\000l\000a\000s\000i\000f\000i\000k\000a\000t\000o\000r\000i\000\040\000z\000a\000s\000n\000o\000v\000a\000n\000i\000\040\000n\000a\000\040\000g\000l\000a\000s\000a\000n\000j\000u}{subsection.5.1}% 27
\BOOKMARK [2][-]{subsection.5.2}{\376\377\000D\000o\000d\000a\000v\000a\000n\000j\000e\000\040\000v\000e\001\141\000t\000a\001\015\000k\000i\000h\000\040\000p\000r\000i\000m\000e\000r\000a\000k\000a}{section.5}% 28
\BOOKMARK [3][-]{subsubsection.5.2.1}{\376\377\000S\000V\000M}{subsection.5.2}% 29
\BOOKMARK [3][-]{subsubsection.5.2.2}{\376\377\000K\000l\000a\000s\000i\000f\000i\000k\000a\000t\000o\000r\000i\000\040\000z\000a\000s\000n\000o\000v\000a\000n\000i\000\040\000n\000a\000\040\000g\000l\000a\000s\000a\000n\000j\000u}{subsection.5.2}% 30
\BOOKMARK [2][-]{subsection.5.3}{\376\377\000J\000e\000d\000n\000a\000k\000\040\000b\000r\000o\000j\000\040\000p\000r\000i\000m\000e\000r\000a\000k\000a\000\040\000s\000v\000i\000h\000\040\000k\000l\000a\000s\000a}{section.5}% 31
\BOOKMARK [3][-]{subsubsection.5.3.1}{\376\377\000S\000t\000a\000b\000l\000a\000\040\000o\000d\000l\000u\001\015\000i\000v\000a\000n\000j\000a}{subsection.5.3}% 32
\BOOKMARK [3][-]{subsubsection.5.3.2}{\376\377\000S\000V\000M}{subsection.5.3}% 33
\BOOKMARK [3][-]{subsubsection.5.3.3}{\376\377\000G\000r\000a\000d\000i\000e\000n\000t\000\040\000b\000o\000o\000s\000t\000i\000n\000g}{subsection.5.3}% 34
\BOOKMARK [1][-]{section.6}{\376\377\000K\000l\000a\000s\000i\000f\000i\000k\000a\000c\000i\000j\000a\000\040\000e\000l\000e\000m\000e\000n\000a\000t\000a\000\040\000v\000a\000n\000\040\000g\000r\000a\000n\000i\000c\000a}{}% 35
\BOOKMARK [1][-]{section.7}{\376\377\000Z\000a\000k\000l\000j\000u\001\015\000a\000k}{}% 36
\BOOKMARK [1][-]{lstnumber.-64.11}{\376\377\000L\000i\000t\000e\000r\000a\000t\000u\000r\000a}{}% 37
